<?xml version="1.0" encoding="UTF-8"?>
<testsuite name="TestTestTricherche" tests="7" skipped="0" failures="0" errors="0" timestamp="2015-11-17T10:40:50" hostname="r30203" time="0.022">
  <properties/>
  <testcase name="testMethodes2" classname="TestTestTricherche" time="0.012"/>
  <testcase name="testMethodes3" classname="TestTestTricherche" time="0.005"/>
  <testcase name="testMethodes4" classname="TestTestTricherche" time="0.0"/>
  <testcase name="testMethodes5" classname="TestTestTricherche" time="0.001"/>
  <testcase name="testMethodes6" classname="TestTestTricherche" time="0.0"/>
  <testcase name="testMethodes7" classname="TestTestTricherche" time="0.0"/>
  <testcase name="testMethodes" classname="TestTestTricherche" time="0.0"/>
  <system-out><![CDATA[]]></system-out>
  <system-err><![CDATA[]]></system-err>
</testsuite>
